This file contains any messages produced by compilers while
running configure, to aid debugging if configure makes a mistake.

It was created by libsecp256k1 configure 0.1.0-pre, which was
generated by GNU Autoconf 2.71.  Invocation command line was

  $ ./configure

## --------- ##
## Platform. ##
## --------- ##

hostname = B
uname -m = x86_64
uname -r = 19.6.0
uname -s = Darwin
uname -v = Darwin Kernel Version 19.6.0: Tue Jun 21 21:18:39 PDT 2022; root:xnu-6153.141.66~1/RELEASE_X86_64

/usr/bin/uname -p = i386
/bin/uname -X     = unknown

/bin/arch              = unknown
/usr/bin/arch -k       = unknown
/usr/convex/getsysinfo = unknown
/usr/bin/hostinfo      = Mach kernel version:
	 Darwin Kernel Version 19.6.0: Tue Jun 21 21:18:39 PDT 2022; root:xnu-6153.141.66~1/RELEASE_X86_64
Kernel configured for up to 4 processors.
2 processors are physically available.
4 processors are logically available.
Processor type: i486 (Intel 80486)
Processors active: 0 1 2 3
Primary memory available: 8.00 gigabytes
Default processor set: 403 tasks, 1603 threads, 4 processors
Load average: 1.68, Mach factor: 2.31
/bin/machine           = unknown
/usr/bin/oslevel       = unknown
/bin/universe          = unknown

PATH: /Users/git/.cargo/bin/
PATH: /Users/git/.nvm/versions/node/v16.14.2/bin/
PATH: /Users/git/bin/
PATH: /usr/local/bin/
PATH: /usr/bin/
PATH: /bin/
PATH: /usr/sbin/
PATH: /sbin/
PATH: /usr/local/MacGPG2/bin/
PATH: /usr/local/share/dotnet/
PATH: ~/.dotnet/tools/
PATH: /opt/podman/bin/
PATH: /Library/Apple/usr/bin/
PATH: /Library/Frameworks/Mono.framework/Versions/Current/Commands/
PATH: /Users/git/. cargo/bin/


## ----------- ##
## Core tests. ##
## ----------- ##

configure:2466: looking for aux files: ltmain.sh ar-lib compile missing install-sh config.guess config.sub
configure:2479:  trying ./build-aux/
configure:2508:   ./build-aux/ltmain.sh found
configure:2508:   ./build-aux/ar-lib found
configure:2508:   ./build-aux/compile found
configure:2508:   ./build-aux/missing found
configure:2490:   ./build-aux/install-sh found
configure:2508:   ./build-aux/config.guess found
configure:2508:   ./build-aux/config.sub found
configure:2629: checking build system type
configure:2644: result: x86_64-apple-darwin19.6.0
configure:2664: checking host system type
configure:2678: result: x86_64-apple-darwin19.6.0
configure:2720: checking for a BSD-compatible install
configure:2793: result: /usr/local/bin/ginstall -c
configure:2804: checking whether build environment is sane
configure:2859: result: yes
configure:3018: checking for a race-free mkdir -p
configure:3062: result: /usr/local/bin/gmkdir -p
configure:3069: checking for gawk
configure:3090: found /usr/local/bin/gawk
configure:3101: result: gawk
configure:3112: checking whether make sets $(MAKE)
configure:3135: result: yes
configure:3165: checking whether make supports nested variables
configure:3183: result: yes
configure:3333: checking whether make supports nested variables
configure:3351: result: yes
configure:3425: checking for gcc
configure:3446: found /usr/bin/gcc
configure:3457: result: gcc
configure:3810: checking for C compiler version
configure:3819: gcc --version >&5
Apple clang version 12.0.0 (clang-1200.0.32.29)
Target: x86_64-apple-darwin19.6.0
Thread model: posix
InstalledDir: /Users/Shared/XcodeVersions/Xcode@12.4.app/Contents/Developer/Toolchains/XcodeDefault.xctoolchain/usr/bin
Configured with: --prefix=/Users/Shared/XcodeVersions/Xcode@12.4.app/Contents/Developer/usr --with-gxx-include-dir=/Library/Developer/CommandLineTools/SDKs/MacOSX10.15.sdk/usr/include/c++/4.2.1
configure:3830: $? = 0
configure:3819: gcc -v >&5
Configured with: --prefix=/Users/Shared/XcodeVersions/Xcode@12.4.app/Contents/Developer/usr --with-gxx-include-dir=/Library/Developer/CommandLineTools/SDKs/MacOSX10.15.sdk/usr/include/c++/4.2.1
Apple clang version 12.0.0 (clang-1200.0.32.29)
Target: x86_64-apple-darwin19.6.0
Thread model: posix
InstalledDir: /Users/Shared/XcodeVersions/Xcode@12.4.app/Contents/Developer/Toolchains/XcodeDefault.xctoolchain/usr/bin
configure:3830: $? = 0
configure:3819: gcc -V >&5
clang: error: argument to '-V' is missing (expected 1 value)
clang: error: no input files
configure:3830: $? = 1
configure:3819: gcc -qversion >&5
clang: error: unknown argument '-qversion'; did you mean '--version'?
clang: error: no input files
configure:3830: $? = 1
configure:3819: gcc -version >&5
clang: error: unknown argument '-version'; did you mean '--version'?
clang: error: no input files
configure:3830: $? = 1
configure:3850: checking whether the C compiler works
configure:3872: gcc    conftest.c  >&5
configure:3876: $? = 0
configure:3926: result: yes
configure:3929: checking for C compiler default output file name
configure:3931: result: a.out
configure:3937: checking for suffix of executables
configure:3944: gcc -o conftest    conftest.c  >&5
configure:3948: $? = 0
configure:3971: result: 
configure:3993: checking whether we are cross compiling
configure:4001: gcc -o conftest    conftest.c  >&5
configure:4005: $? = 0
configure:4012: ./conftest
configure:4016: $? = 0
configure:4031: result: no
configure:4036: checking for suffix of object files
configure:4059: gcc -c   conftest.c >&5
configure:4063: $? = 0
configure:4085: result: o
configure:4089: checking whether the compiler supports GNU C
configure:4109: gcc -c   conftest.c >&5
configure:4109: $? = 0
configure:4119: result: yes
configure:4130: checking whether gcc accepts -g
configure:4151: gcc -c -g  conftest.c >&5
configure:4151: $? = 0
configure:4195: result: yes
configure:4215: checking for gcc option to enable C11 features
configure:4230: gcc  -c -g -O2  conftest.c >&5
configure:4230: $? = 0
configure:4248: result: none needed
configure:4364: checking whether gcc understands -c and -o together
configure:4387: gcc -c conftest.c -o conftest2.o
configure:4390: $? = 0
configure:4387: gcc -c conftest.c -o conftest2.o
configure:4390: $? = 0
configure:4402: result: yes
configure:4422: checking whether make supports the include directive
configure:4437: make -f confmf.GNU && cat confinc.out
this is the am__doit target
configure:4440: $? = 0
configure:4459: result: yes (GNU style)
configure:4485: checking dependency style of gcc
configure:4597: result: gcc3
configure:4621: checking dependency style of gcc
configure:4731: result: gcc3
configure:4802: checking for ar
configure:4823: found /usr/bin/ar
configure:4834: result: ar
configure:4860: checking the archiver (ar) interface
configure:4877: gcc -c -g -O2  conftest.c >&5
configure:4877: $? = 0
configure:4880: ar cru libconftest.a conftest.o >&5
configure:4883: $? = 0
configure:4911: result: ar
configure:4984: checking how to print strings
configure:5011: result: printf
configure:5032: checking for a sed that does not truncate output
configure:5102: result: /usr/local/bin/gsed
configure:5120: checking for grep that handles long lines and -e
configure:5184: result: /usr/local/bin/ggrep
configure:5189: checking for egrep
configure:5257: result: /usr/local/bin/ggrep -E
configure:5262: checking for fgrep
configure:5330: result: /usr/local/bin/ggrep -F
configure:5366: checking for ld used by gcc
configure:5434: result: /Users/Shared/XcodeVersions/Xcode@12.4.app/Contents/Developer/Toolchains/XcodeDefault.xctoolchain/usr/bin/ld
configure:5441: checking if the linker (/Users/Shared/XcodeVersions/Xcode@12.4.app/Contents/Developer/Toolchains/XcodeDefault.xctoolchain/usr/bin/ld) is GNU ld
configure:5457: result: no
configure:5469: checking for BSD- or MS-compatible name lister (nm)
configure:5524: result: /usr/bin/nm -B
configure:5664: checking the name lister (/usr/bin/nm -B) interface
configure:5672: gcc -c -g -O2  conftest.c >&5
configure:5675: /usr/bin/nm -B "conftest.o"
configure:5678: output
000000000000024c S _some_variable
configure:5685: result: BSD nm
configure:5688: checking whether ln -s works
configure:5692: result: yes
configure:5700: checking the maximum length of command line arguments
configure:5832: result: 196608
configure:5880: checking how to convert x86_64-apple-darwin19.6.0 file names to x86_64-apple-darwin19.6.0 format
configure:5921: result: func_convert_file_noop
configure:5928: checking how to convert x86_64-apple-darwin19.6.0 file names to toolchain format
configure:5949: result: func_convert_file_noop
configure:5956: checking for /Users/Shared/XcodeVersions/Xcode@12.4.app/Contents/Developer/Toolchains/XcodeDefault.xctoolchain/usr/bin/ld option to reload object files
configure:5964: result: -r
configure:6043: checking for file
configure:6064: found /usr/bin/file
configure:6075: result: file
configure:6151: checking for objdump
configure:6172: found /usr/bin/objdump
configure:6183: result: objdump
configure:6212: checking how to recognize dependent libraries
configure:6413: result: pass_all
configure:6503: checking for dlltool
configure:6538: result: no
configure:6565: checking how to associate runtime and link libraries
configure:6593: result: printf %s\n
configure:6743: checking for archiver @FILE support
configure:6761: gcc -c -g -O2  conftest.c >&5
configure:6761: $? = 0
configure:6765: ar cr libconftest.a @conftest.lst >&5
ar: @conftest.lst: No such file or directory
configure:6768: $? = 1
configure:6788: result: no
configure:6851: checking for strip
configure:6872: found /usr/bin/strip
configure:6883: result: strip
configure:6960: checking for ranlib
configure:6981: found /usr/bin/ranlib
configure:6992: result: ranlib
configure:7094: checking command to parse /usr/bin/nm -B output from gcc object
configure:7248: gcc -c -g -O2  conftest.c >&5
configure:7251: $? = 0
configure:7255: /usr/bin/nm -B conftest.o \| /usr/local/bin/gsed -n -e 's/^.*[ ]\([BCDEGRST][BCDEGRST]*\)[ ][ ]*\([_A-Za-z][_A-Za-z0-9]*\)$/\1 \2 \2/p' | /usr/local/bin/gsed '/ __gnu_lto/d' \> conftest.nm
configure:7258: $? = 0
cannot find nm_test_var in conftest.nm
configure:7248: gcc -c -g -O2  conftest.c >&5
configure:7251: $? = 0
configure:7255: /usr/bin/nm -B conftest.o \| /usr/local/bin/gsed -n -e 's/^.*[ ]\([BCDEGRST][BCDEGRST]*\)[ ][ ]*_\([_A-Za-z][_A-Za-z0-9]*\)$/\1 _\2 \2/p' | /usr/local/bin/gsed '/ __gnu_lto/d' \> conftest.nm
configure:7258: $? = 0
configure:7324: gcc -o conftest -g -O2   conftest.c conftstm.o >&5
warning: (x86_64)  could not find object file symbol for symbol _main
configure:7327: $? = 0
configure:7365: result: ok
configure:7412: checking for sysroot
configure:7443: result: no
configure:7450: checking for a working dd
configure:7494: result: /bin/dd
configure:7498: checking how to truncate binary pipes
configure:7514: result: /bin/dd bs=4096 count=1
configure:7851: checking for mt
configure:7886: result: no
configure:7906: checking if : is a manifest tool
configure:7913: : '-?'
configure:7921: result: no
configure:7982: checking for dsymutil
configure:8003: found /usr/bin/dsymutil
configure:8014: result: dsymutil
configure:8084: checking for nmedit
configure:8105: found /usr/bin/nmedit
configure:8116: result: nmedit
configure:8186: checking for lipo
configure:8207: found /usr/bin/lipo
configure:8218: result: lipo
configure:8288: checking for otool
configure:8309: found /usr/bin/otool
configure:8320: result: otool
configure:8390: checking for otool64
configure:8425: result: no
configure:8470: checking for -single_module linker flag
gcc -g -O2  -o libconftest.dylib -dynamiclib -Wl,-single_module conftest.c
configure:8504: result: yes
configure:8507: checking for -exported_symbols_list linker flag
configure:8528: gcc -o conftest -g -O2   -Wl,-exported_symbols_list,conftest.sym conftest.c  >&5
configure:8528: $? = 0
configure:8539: result: yes
configure:8542: checking for -force_load linker flag
gcc -g -O2 -c -o conftest.o conftest.c
ar cr libconftest.a conftest.o
ranlib libconftest.a
gcc -g -O2  -o conftest conftest.c -Wl,-force_load,./libconftest.a
configure:8575: result: yes
configure:8646: checking for stdio.h
configure:8646: gcc -c -g -O2  conftest.c >&5
configure:8646: $? = 0
configure:8646: result: yes
configure:8646: checking for stdlib.h
configure:8646: gcc -c -g -O2  conftest.c >&5
configure:8646: $? = 0
configure:8646: result: yes
configure:8646: checking for string.h
configure:8646: gcc -c -g -O2  conftest.c >&5
configure:8646: $? = 0
configure:8646: result: yes
configure:8646: checking for inttypes.h
configure:8646: gcc -c -g -O2  conftest.c >&5
configure:8646: $? = 0
configure:8646: result: yes
configure:8646: checking for stdint.h
configure:8646: gcc -c -g -O2  conftest.c >&5
configure:8646: $? = 0
configure:8646: result: yes
configure:8646: checking for strings.h
configure:8646: gcc -c -g -O2  conftest.c >&5
configure:8646: $? = 0
configure:8646: result: yes
configure:8646: checking for sys/stat.h
configure:8646: gcc -c -g -O2  conftest.c >&5
configure:8646: $? = 0
configure:8646: result: yes
configure:8646: checking for sys/types.h
configure:8646: gcc -c -g -O2  conftest.c >&5
configure:8646: $? = 0
configure:8646: result: yes
configure:8646: checking for unistd.h
configure:8646: gcc -c -g -O2  conftest.c >&5
configure:8646: $? = 0
configure:8646: result: yes
configure:8671: checking for dlfcn.h
configure:8671: gcc -c -g -O2  conftest.c >&5
configure:8671: $? = 0
configure:8671: result: yes
configure:9258: checking for objdir
configure:9274: result: .libs
configure:9538: checking if gcc supports -fno-rtti -fno-exceptions
configure:9557: gcc -c -g -O2  -fno-rtti -fno-exceptions conftest.c >&5
configure:9561: $? = 0
configure:9574: result: yes
configure:9932: checking for gcc option to produce PIC
configure:9940: result: -fno-common -DPIC
configure:9948: checking if gcc PIC flag -fno-common -DPIC works
configure:9967: gcc -c -g -O2  -fno-common -DPIC -DPIC conftest.c >&5
configure:9971: $? = 0
configure:9984: result: yes
configure:10013: checking if gcc static flag -static works
configure:10042: result: no
configure:10057: checking if gcc supports -c -o file.o
configure:10079: gcc -c -g -O2  -o out/conftest2.o conftest.c >&5
configure:10083: $? = 0
configure:10105: result: yes
configure:10113: checking if gcc supports -c -o file.o
configure:10161: result: yes
configure:10194: checking whether the gcc linker (/Users/Shared/XcodeVersions/Xcode@12.4.app/Contents/Developer/Toolchains/XcodeDefault.xctoolchain/usr/bin/ld) supports shared libraries
configure:11462: result: yes
configure:11703: checking dynamic linker characteristics
configure:12524: result: darwin19.6.0 dyld
configure:12646: checking how to hardcode library paths into programs
configure:12671: result: immediate
configure:13223: checking whether stripping libraries is possible
configure:13240: result: yes
configure:13274: checking if libtool supports shared libraries
configure:13276: result: yes
configure:13279: checking whether to build shared libraries
configure:13304: result: yes
configure:13307: checking whether to build static libraries
configure:13311: result: yes
configure:13356: checking for brew
configure:13377: found /usr/local/bin/brew
configure:13388: result: brew
configure:13485: checking if gcc supports -Werror=unknown-warning-option
configure:13493: gcc -c -Werror=unknown-warning-option -g -O2  conftest.c >&5
configure:13493: $? = 0
configure:13500: result: yes
configure:13511: checking if gcc supports -std=c89 -pedantic -Wno-long-long -Wnested-externs -Wshadow -Wstrict-prototypes -Wundef
configure:13519: gcc -c -std=c89 -pedantic -Wno-long-long -Wnested-externs -Wshadow -Wstrict-prototypes -Wundef -g -O2 -Werror=unknown-warning-option  conftest.c >&5
configure:13519: $? = 0
configure:13526: result: yes
configure:13536: checking if gcc supports -Wno-overlength-strings
configure:13544: gcc -c -Wno-overlength-strings -g -O2 -Werror=unknown-warning-option  conftest.c >&5
configure:13544: $? = 0
configure:13551: result: yes
configure:13561: checking if gcc supports -Wall
configure:13569: gcc -c -Wall -g -O2 -Werror=unknown-warning-option  conftest.c >&5
configure:13569: $? = 0
configure:13576: result: yes
configure:13586: checking if gcc supports -Wno-unused-function
configure:13594: gcc -c -Wno-unused-function -g -O2 -Werror=unknown-warning-option  conftest.c >&5
configure:13594: $? = 0
configure:13601: result: yes
configure:13611: checking if gcc supports -Wextra
configure:13619: gcc -c -Wextra -g -O2 -Werror=unknown-warning-option  conftest.c >&5
configure:13619: $? = 0
configure:13626: result: yes
configure:13636: checking if gcc supports -Wcast-align
configure:13644: gcc -c -Wcast-align -g -O2 -Werror=unknown-warning-option  conftest.c >&5
configure:13644: $? = 0
configure:13651: result: yes
configure:13661: checking if gcc supports -Wcast-align=strict
configure:13669: gcc -c -Wcast-align=strict -g -O2 -Werror=unknown-warning-option  conftest.c >&5
error: unknown warning option '-Wcast-align=strict'; did you mean '-Wcast-align'? [-Werror,-Wunknown-warning-option]
configure:13669: $? = 1
configure: failed program was:
| /* confdefs.h */
| #define PACKAGE_NAME "libsecp256k1"
| #define PACKAGE_TARNAME "libsecp256k1"
| #define PACKAGE_VERSION "0.1.0-pre"
| #define PACKAGE_STRING "libsecp256k1 0.1.0-pre"
| #define PACKAGE_BUGREPORT "https://github.com/bitcoin-core/secp256k1/issues"
| #define PACKAGE_URL "https://github.com/bitcoin-core/secp256k1"
| #define PACKAGE "libsecp256k1"
| #define VERSION "0.1.0-pre"
| #define HAVE_STDIO_H 1
| #define HAVE_STDLIB_H 1
| #define HAVE_STRING_H 1
| #define HAVE_INTTYPES_H 1
| #define HAVE_STDINT_H 1
| #define HAVE_STRINGS_H 1
| #define HAVE_SYS_STAT_H 1
| #define HAVE_SYS_TYPES_H 1
| #define HAVE_UNISTD_H 1
| #define STDC_HEADERS 1
| #define HAVE_DLFCN_H 1
| #define LT_OBJDIR ".libs/"
| /* end confdefs.h.  */
| char foo;
configure:13676: result: no
configure:13686: checking if gcc supports -Wconditional-uninitialized
configure:13694: gcc -c -Wconditional-uninitialized -g -O2 -Werror=unknown-warning-option  conftest.c >&5
configure:13694: $? = 0
configure:13701: result: yes
configure:13711: checking if gcc supports -fvisibility=hidden
configure:13719: gcc -c -fvisibility=hidden -g -O2 -Werror=unknown-warning-option  conftest.c >&5
configure:13719: $? = 0
configure:13726: result: yes
configure:14070: checking for valgrind support
configure:14092: gcc -c -g -O2   conftest.c >&5
conftest.c:24:14: fatal error: 'valgrind/memcheck.h' file not found
    #include <valgrind/memcheck.h>
             ^~~~~~~~~~~~~~~~~~~~~
1 error generated.
configure:14092: $? = 1
configure: failed program was:
| /* confdefs.h */
| #define PACKAGE_NAME "libsecp256k1"
| #define PACKAGE_TARNAME "libsecp256k1"
| #define PACKAGE_VERSION "0.1.0-pre"
| #define PACKAGE_STRING "libsecp256k1 0.1.0-pre"
| #define PACKAGE_BUGREPORT "https://github.com/bitcoin-core/secp256k1/issues"
| #define PACKAGE_URL "https://github.com/bitcoin-core/secp256k1"
| #define PACKAGE "libsecp256k1"
| #define VERSION "0.1.0-pre"
| #define HAVE_STDIO_H 1
| #define HAVE_STDLIB_H 1
| #define HAVE_STRING_H 1
| #define HAVE_INTTYPES_H 1
| #define HAVE_STDINT_H 1
| #define HAVE_STRINGS_H 1
| #define HAVE_SYS_STAT_H 1
| #define HAVE_SYS_TYPES_H 1
| #define HAVE_UNISTD_H 1
| #define STDC_HEADERS 1
| #define HAVE_DLFCN_H 1
| #define LT_OBJDIR ".libs/"
| /* end confdefs.h.  */
| 
|     #include <valgrind/memcheck.h>
| 
| int
| main (void)
| {
| 
|     #if defined(NVALGRIND)
|     #  error "Valgrind does not support this platform."
|     #endif
| 
|   ;
|   return 0;
| }
configure:14100: result: 
configure:14136: checking for x86_64 assembly availability
configure:14153: gcc -o conftest -g -O2    conftest.c  >&5
configure:14153: $? = 0
configure:14161: result: yes
configure:14594: checking that generated files are newer than configure
configure:14600: result: done
configure:14679: creating ./config.status

## ---------------------- ##
## Running config.status. ##
## ---------------------- ##

This file was extended by libsecp256k1 config.status 0.1.0-pre, which was
generated by GNU Autoconf 2.71.  Invocation command line was

  CONFIG_FILES    = 
  CONFIG_HEADERS  = 
  CONFIG_LINKS    = 
  CONFIG_COMMANDS = 
  $ ./config.status 

on B

config.status:1128: creating Makefile
config.status:1128: creating libsecp256k1.pc
config.status:1128: creating src/libsecp256k1-config.h
config.status:1357: executing depfiles commands
config.status:1434: cd .       && sed -e '/# am--include-marker/d' Makefile         | make -f - am--depfiles
config.status:1439: $? = 0
config.status:1357: executing libtool commands

## ---------------- ##
## Cache variables. ##
## ---------------- ##

ac_cv_build=x86_64-apple-darwin19.6.0
ac_cv_c_compiler_gnu=yes
ac_cv_env_CCASFLAGS_set=
ac_cv_env_CCASFLAGS_value=
ac_cv_env_CCAS_set=
ac_cv_env_CCAS_value=
ac_cv_env_CC_set=
ac_cv_env_CC_value=
ac_cv_env_CFLAGS_set=
ac_cv_env_CFLAGS_value=
ac_cv_env_CPPFLAGS_set=
ac_cv_env_CPPFLAGS_value=
ac_cv_env_LDFLAGS_set=
ac_cv_env_LDFLAGS_value=
ac_cv_env_LIBS_set=
ac_cv_env_LIBS_value=
ac_cv_env_LT_SYS_LIBRARY_PATH_set=
ac_cv_env_LT_SYS_LIBRARY_PATH_value=
ac_cv_env_build_alias_set=
ac_cv_env_build_alias_value=
ac_cv_env_host_alias_set=
ac_cv_env_host_alias_value=
ac_cv_env_target_alias_set=
ac_cv_env_target_alias_value=
ac_cv_header_dlfcn_h=yes
ac_cv_header_inttypes_h=yes
ac_cv_header_stdint_h=yes
ac_cv_header_stdio_h=yes
ac_cv_header_stdlib_h=yes
ac_cv_header_string_h=yes
ac_cv_header_strings_h=yes
ac_cv_header_sys_stat_h=yes
ac_cv_header_sys_types_h=yes
ac_cv_header_unistd_h=yes
ac_cv_host=x86_64-apple-darwin19.6.0
ac_cv_objext=o
ac_cv_path_EGREP='/usr/local/bin/ggrep -E'
ac_cv_path_FGREP='/usr/local/bin/ggrep -F'
ac_cv_path_GREP=/usr/local/bin/ggrep
ac_cv_path_SED=/usr/local/bin/gsed
ac_cv_path_install='/usr/local/bin/ginstall -c'
ac_cv_path_lt_DD=/bin/dd
ac_cv_path_mkdir=/usr/local/bin/gmkdir
ac_cv_prog_AWK=gawk
ac_cv_prog_BREW=brew
ac_cv_prog_ac_ct_CC=gcc
ac_cv_prog_ac_ct_DSYMUTIL=dsymutil
ac_cv_prog_ac_ct_FILECMD=file
ac_cv_prog_ac_ct_LIPO=lipo
ac_cv_prog_ac_ct_NMEDIT=nmedit
ac_cv_prog_ac_ct_OBJDUMP=objdump
ac_cv_prog_ac_ct_OTOOL=otool
ac_cv_prog_ac_ct_RANLIB=ranlib
ac_cv_prog_ac_ct_STRIP=strip
ac_cv_prog_cc_c11=
ac_cv_prog_cc_g=yes
ac_cv_prog_cc_stdc=
ac_cv_prog_make_make_set=yes
am_cv_CCAS_dependencies_compiler_type=gcc3
am_cv_CC_dependencies_compiler_type=gcc3
am_cv_ar_interface=ar
am_cv_make_support_nested_variables=yes
am_cv_prog_cc_c_o=yes
lt_cv_apple_cc_single_mod=yes
lt_cv_ar_at_file=no
lt_cv_deplibs_check_method=pass_all
lt_cv_file_magic_cmd='$MAGIC_CMD'
lt_cv_file_magic_test_file=
lt_cv_ld_exported_symbols_list=yes
lt_cv_ld_force_load=yes
lt_cv_ld_reload_flag=-r
lt_cv_nm_interface='BSD nm'
lt_cv_objdir=.libs
lt_cv_path_LD=/Users/Shared/XcodeVersions/Xcode@12.4.app/Contents/Developer/Toolchains/XcodeDefault.xctoolchain/usr/bin/ld
lt_cv_path_NM='/usr/bin/nm -B'
lt_cv_path_mainfest_tool=no
lt_cv_prog_compiler_c_o=yes
lt_cv_prog_compiler_pic='-fno-common -DPIC'
lt_cv_prog_compiler_pic_works=yes
lt_cv_prog_compiler_rtti_exceptions=yes
lt_cv_prog_compiler_static_works=no
lt_cv_prog_gnu_ld=no
lt_cv_sharedlib_from_linklib_cmd='printf %s\n'
lt_cv_sys_global_symbol_pipe='/usr/local/bin/gsed -n -e '\''s/^.*[	 ]\([BCDEGRST][BCDEGRST]*\)[	 ][	 ]*_\([_A-Za-z][_A-Za-z0-9]*\)$/\1 _\2 \2/p'\'' | /usr/local/bin/gsed '\''/ __gnu_lto/d'\'''
lt_cv_sys_global_symbol_to_c_name_address='/usr/local/bin/gsed -n -e '\''s/^: \(.*\) .*$/  {"\1", (void *) 0},/p'\'' -e '\''s/^[BCDEGRST][BCDEGRST]* .* \(.*\)$/  {"\1", (void *) \&\1},/p'\'''
lt_cv_sys_global_symbol_to_c_name_address_lib_prefix='/usr/local/bin/gsed -n -e '\''s/^: \(.*\) .*$/  {"\1", (void *) 0},/p'\'' -e '\''s/^[BCDEGRST][BCDEGRST]* .* \(lib.*\)$/  {"\1", (void *) \&\1},/p'\'' -e '\''s/^[BCDEGRST][BCDEGRST]* .* \(.*\)$/  {"lib\1", (void *) \&\1},/p'\'''
lt_cv_sys_global_symbol_to_cdecl='/usr/local/bin/gsed -n -e '\''s/^T .* \(.*\)$/extern int \1();/p'\'' -e '\''s/^[BCDEGRST][BCDEGRST]* .* \(.*\)$/extern char \1;/p'\'''
lt_cv_sys_global_symbol_to_import=
lt_cv_sys_max_cmd_len=196608
lt_cv_to_host_file_cmd=func_convert_file_noop
lt_cv_to_tool_file_cmd=func_convert_file_noop
lt_cv_truncate_bin='/bin/dd bs=4096 count=1'

## ----------------- ##
## Output variables. ##
## ----------------- ##

ACLOCAL='${SHELL} '\''/Users/Shared/gnostr.org/nostr_client_relay/src/nostril/deps/secp256k1/build-aux/missing'\'' aclocal-1.16'
AMDEPBACKSLASH='\'
AMDEP_FALSE='#'
AMDEP_TRUE=''
AMTAR='$${TAR-tar}'
AM_BACKSLASH='\'
AM_DEFAULT_V='$(AM_DEFAULT_VERBOSITY)'
AM_DEFAULT_VERBOSITY='0'
AM_V='$(V)'
AR='ar'
AS='as'
AUTOCONF='${SHELL} '\''/Users/Shared/gnostr.org/nostr_client_relay/src/nostril/deps/secp256k1/build-aux/missing'\'' autoconf'
AUTOHEADER='${SHELL} '\''/Users/Shared/gnostr.org/nostr_client_relay/src/nostril/deps/secp256k1/build-aux/missing'\'' autoheader'
AUTOMAKE='${SHELL} '\''/Users/Shared/gnostr.org/nostr_client_relay/src/nostril/deps/secp256k1/build-aux/missing'\'' automake-1.16'
AWK='gawk'
BREW='brew'
BUILD_WINDOWS_FALSE=''
BUILD_WINDOWS_TRUE='#'
CC='gcc'
CCAS='gcc'
CCASDEPMODE='depmode=gcc3'
CCASFLAGS='-g -O2'
CCDEPMODE='depmode=gcc3'
CFLAGS='-g -O2'
CPPFLAGS=' '
CSCOPE='cscope'
CTAGS='ctags'
CYGPATH_W='echo'
DEFS='-DHAVE_CONFIG_H'
DEPDIR='.deps'
DLLTOOL='false'
DSYMUTIL='dsymutil'
DUMPBIN=''
ECHO_C='\c'
ECHO_N=''
ECHO_T=''
EGREP='/usr/local/bin/ggrep -E'
ENABLE_COVERAGE_FALSE=''
ENABLE_COVERAGE_TRUE='#'
ENABLE_MODULE_ECDH_FALSE=''
ENABLE_MODULE_ECDH_TRUE='#'
ENABLE_MODULE_EXTRAKEYS_FALSE=''
ENABLE_MODULE_EXTRAKEYS_TRUE='#'
ENABLE_MODULE_RECOVERY_FALSE=''
ENABLE_MODULE_RECOVERY_TRUE='#'
ENABLE_MODULE_SCHNORRSIG_FALSE=''
ENABLE_MODULE_SCHNORRSIG_TRUE='#'
ETAGS='etags'
EXEEXT=''
FGREP='/usr/local/bin/ggrep -F'
FILECMD='file'
GREP='/usr/local/bin/ggrep'
INSTALL_DATA='${INSTALL} -m 644'
INSTALL_PROGRAM='${INSTALL}'
INSTALL_SCRIPT='${INSTALL}'
INSTALL_STRIP_PROGRAM='$(install_sh) -c -s'
LD='/Users/Shared/XcodeVersions/Xcode@12.4.app/Contents/Developer/Toolchains/XcodeDefault.xctoolchain/usr/bin/ld'
LDFLAGS=''
LIBOBJS=''
LIBS=''
LIBTOOL='$(SHELL) $(top_builddir)/libtool'
LIB_VERSION_AGE='0'
LIB_VERSION_CURRENT='0'
LIB_VERSION_REVISION='0'
LIPO='lipo'
LN_S='ln -s'
LTLIBOBJS=''
LT_SYS_LIBRARY_PATH=''
MAKEINFO='${SHELL} '\''/Users/Shared/gnostr.org/nostr_client_relay/src/nostril/deps/secp256k1/build-aux/missing'\'' makeinfo'
MANIFEST_TOOL=':'
MKDIR_P='/usr/local/bin/gmkdir -p'
NM='/usr/bin/nm -B'
NMEDIT='nmedit'
OBJDUMP='objdump'
OBJEXT='o'
OTOOL64=':'
OTOOL='otool'
PACKAGE='libsecp256k1'
PACKAGE_BUGREPORT='https://github.com/bitcoin-core/secp256k1/issues'
PACKAGE_NAME='libsecp256k1'
PACKAGE_STRING='libsecp256k1 0.1.0-pre'
PACKAGE_TARNAME='libsecp256k1'
PACKAGE_URL='https://github.com/bitcoin-core/secp256k1'
PACKAGE_VERSION='0.1.0-pre'
PATH_SEPARATOR=':'
PORT=''
RANLIB='ranlib'
SECP_CFLAGS='-O2  -std=c89 -pedantic -Wno-long-long -Wnested-externs -Wshadow -Wstrict-prototypes -Wundef -Wno-overlength-strings -Wall -Wno-unused-function -Wextra -Wcast-align -Wconditional-uninitialized -fvisibility=hidden '
SECP_INCLUDES=''
SECP_LIBS=''
SECP_TEST_INCLUDES=''
SECP_TEST_LIBS=''
SED='/usr/local/bin/gsed'
SET_MAKE=''
SHELL='/bin/sh'
STRIP='strip'
USE_ASM_ARM_FALSE=''
USE_ASM_ARM_TRUE='#'
USE_BENCHMARK_FALSE='#'
USE_BENCHMARK_TRUE=''
USE_EXAMPLES_FALSE=''
USE_EXAMPLES_TRUE='#'
USE_EXHAUSTIVE_TESTS_FALSE='#'
USE_EXHAUSTIVE_TESTS_TRUE=''
USE_EXTERNAL_ASM_FALSE=''
USE_EXTERNAL_ASM_TRUE='#'
USE_TESTS_FALSE='#'
USE_TESTS_TRUE=''
VALGRIND_ENABLED_FALSE=''
VALGRIND_ENABLED_TRUE='#'
VERSION='0.1.0-pre'
ac_ct_AR='ar'
ac_ct_CC='gcc'
ac_ct_DUMPBIN=''
am__EXEEXT_FALSE=''
am__EXEEXT_TRUE='#'
am__fastdepCCAS_FALSE='#'
am__fastdepCCAS_TRUE=''
am__fastdepCC_FALSE='#'
am__fastdepCC_TRUE=''
am__include='include'
am__isrc=''
am__leading_dot='.'
am__nodep='_no'
am__quote=''
am__tar='$${TAR-tar} chof - "$$tardir"'
am__untar='$${TAR-tar} xf -'
bindir='${exec_prefix}/bin'
build='x86_64-apple-darwin19.6.0'
build_alias=''
build_cpu='x86_64'
build_os='darwin19.6.0'
build_vendor='apple'
datadir='${datarootdir}'
datarootdir='${prefix}/share'
docdir='${datarootdir}/doc/${PACKAGE_TARNAME}'
dvidir='${docdir}'
exec_prefix='${prefix}'
host='x86_64-apple-darwin19.6.0'
host_alias=''
host_cpu='x86_64'
host_os='darwin19.6.0'
host_vendor='apple'
htmldir='${docdir}'
includedir='${prefix}/include'
infodir='${datarootdir}/info'
install_sh='${SHELL} /Users/Shared/gnostr.org/nostr_client_relay/src/nostril/deps/secp256k1/build-aux/install-sh'
libdir='${exec_prefix}/lib'
libexecdir='${exec_prefix}/libexec'
localedir='${datarootdir}/locale'
localstatedir='${prefix}/var'
mandir='${datarootdir}/man'
mkdir_p='$(MKDIR_P)'
oldincludedir='/usr/include'
pdfdir='${docdir}'
prefix='/usr/local'
program_transform_name='s,x,x,'
psdir='${docdir}'
runstatedir='${localstatedir}/run'
sbindir='${exec_prefix}/sbin'
sharedstatedir='${prefix}/com'
sysconfdir='${prefix}/etc'
target_alias=''

## ----------- ##
## confdefs.h. ##
## ----------- ##

/* confdefs.h */
#define PACKAGE_NAME "libsecp256k1"
#define PACKAGE_TARNAME "libsecp256k1"
#define PACKAGE_VERSION "0.1.0-pre"
#define PACKAGE_STRING "libsecp256k1 0.1.0-pre"
#define PACKAGE_BUGREPORT "https://github.com/bitcoin-core/secp256k1/issues"
#define PACKAGE_URL "https://github.com/bitcoin-core/secp256k1"
#define PACKAGE "libsecp256k1"
#define VERSION "0.1.0-pre"
#define HAVE_STDIO_H 1
#define HAVE_STDLIB_H 1
#define HAVE_STRING_H 1
#define HAVE_INTTYPES_H 1
#define HAVE_STDINT_H 1
#define HAVE_STRINGS_H 1
#define HAVE_SYS_STAT_H 1
#define HAVE_SYS_TYPES_H 1
#define HAVE_UNISTD_H 1
#define STDC_HEADERS 1
#define HAVE_DLFCN_H 1
#define LT_OBJDIR ".libs/"
#define USE_ASM_X86_64 1
#define ECMULT_WINDOW_SIZE 15
#define ECMULT_GEN_PREC_BITS 4

configure: exit 0
